<?xml version="1.0" encoding="UTF-8"?>
<testsuite name="lab2.OrderServiceTest" tests="1" skipped="0" failures="0" errors="0" timestamp="2024-11-01T11:54:40" hostname="LOGARIFM" time="0.016">
  <properties/>
  <testcase name="testSortMenuItemsByPrice" classname="lab2.OrderServiceTest" time="0.016"/>
  <system-out><![CDATA[]]></system-out>
  <system-err><![CDATA[]]></system-err>
</testsuite>
