<?xml version="1.0" encoding="UTF-8"?>
<testsuite name="lab1.CustomerTest" tests="1" skipped="0" failures="0" errors="0" timestamp="2024-11-01T11:14:26" hostname="LOGARIFM" time="0.01">
  <properties/>
  <testcase name="testToString" classname="lab1.CustomerTest" time="0.01"/>
  <system-out><![CDATA[]]></system-out>
  <system-err><![CDATA[]]></system-err>
</testsuite>
