<?xml version="1.0" encoding="UTF-8"?>
<testsuite name="lab2.ProductTest" tests="1" skipped="0" failures="0" errors="0" timestamp="2024-11-07T17:22:33" hostname="LOGARIFM" time="0.007">
  <properties/>
  <testcase name="testInvalidProduct" classname="lab2.ProductTest" time="0.007"/>
  <system-out><![CDATA[]]></system-out>
  <system-err><![CDATA[]]></system-err>
</testsuite>
